<?xml version="1.0" encoding="UTF-8"?>
<testng-results ignored="0" total="2" passed="2" failed="0" skipped="0">
  <reporter-output>
  </reporter-output>
  <suite started-at="2024-10-04T18:01:36 IST" name="Suite" finished-at="2024-10-04T18:01:36 IST" duration-ms="60">
    <groups>
    </groups>
    <test started-at="2024-10-04T18:01:36 IST" name="Test" finished-at="2024-10-04T18:01:36 IST" duration-ms="60">
      <class name="p1.CreateContactTest">
        <test-method signature="createTest()[pri:0, instance:p1.CreateContactTest@418e7838]" started-at="2024-10-04T18:01:36 IST" name="createTest" finished-at="2024-10-04T18:01:36 IST" duration-ms="8" status="PASS">
          <reporter-output>
          </reporter-output>
        </test-method> <!-- createTest -->
        <test-method signature="modifyTest()[pri:0, instance:p1.CreateContactTest@418e7838]" started-at="2024-10-04T18:01:36 IST" name="modifyTest" finished-at="2024-10-04T18:01:36 IST" duration-ms="5" status="PASS">
          <reporter-output>
          </reporter-output>
        </test-method> <!-- modifyTest -->
      </class> <!-- p1.CreateContactTest -->
    </test> <!-- Test -->
  </suite> <!-- Suite -->
</testng-results>
